# JRE version: Java(TM) SE Runtime Environment (8.0_20-b26) (build 1.8.0_20-b26)
# Java VM: Java HotSpot(TM) 64-Bit Server VM (25.20-b23 mixed mode windows-amd64 compressed oops)
Heap:
 PSYoungGen      total 69632K, used 5836K [0x00000000eab00000, 0x00000000f0100000, 0x0000000100000000)
  eden space 62464K, 3% used [0x00000000eab00000,0x00000000ead625b0,0x00000000ee800000)
  from space 7168K, 47% used [0x00000000eee80000,0x00000000ef1d0b78,0x00000000ef580000)
  to   space 6656K, 0% used [0x00000000ee800000,0x00000000ee800000,0x00000000eee80000)
 ParOldGen       total 35840K, used 9502K [0x00000000c0000000, 0x00000000c2300000, 0x00000000eab00000)
  object space 35840K, 26% used [0x00000000c0000000,0x00000000c0947b48,0x00000000c2300000)
 Metaspace       used 23210K, capacity 23784K, committed 23936K, reserved 1071104K
  class space    used 2983K, capacity 3191K, committed 3200K, reserved 1048576K
GC Heap History (10 events):
Event: 4.274 GC heap before
{Heap before GC invocations=7 (full 0):
 PSYoungGen      total 37888K, used 24046K [0x00000000eab00000, 0x00000000ed600000, 0x0000000100000000)
  eden space 31744K, 61% used [0x00000000eab00000,0x00000000ebe37400,0x00000000eca00000)
  from space 6144K, 71% used [0x00000000ed000000,0x00000000ed444780,0x00000000ed600000)
  to   space 6144K, 0% used [0x00000000eca00000,0x00000000eca00000,0x00000000ed000000)
 ParOldGen       total 42496K, used 8465K [0x00000000c0000000, 0x00000000c2980000, 0x00000000eab00000)
  object space 42496K, 19% used [0x00000000c0000000,0x00000000c08446b0,0x00000000c2980000)
 Metaspace       used 20880K, capacity 21166K, committed 21296K, reserved 1067008K
  class space    used 2824K, capacity 2929K, committed 2944K, reserved 1048576K
Event: 4.281 GC heap after
Heap after GC invocations=7 (full 0):
 PSYoungGen      total 37888K, used 5095K [0x00000000eab00000, 0x00000000ef500000, 0x0000000100000000)
  eden space 31744K, 0% used [0x00000000eab00000,0x00000000eab00000,0x00000000eca00000)
  from space 6144K, 82% used [0x00000000eca00000,0x00000000ecef9cf0,0x00000000ed000000)
  to   space 6144K, 0% used [0x00000000eef00000,0x00000000eef00000,0x00000000ef500000)
 ParOldGen       total 42496K, used 9312K [0x00000000c0000000, 0x00000000c2980000, 0x00000000eab00000)
  object space 42496K, 21% used [0x00000000c0000000,0x00000000c0918200,0x00000000c2980000)
 Metaspace       used 20880K, capacity 21166K, committed 21296K, reserved 1067008K
  class space    used 2824K, capacity 2929K, committed 2944K, reserved 1048576K
}
Event: 4.281 GC heap before
{Heap before GC invocations=8 (full 1):
 PSYoungGen      total 37888K, used 5095K [0x00000000eab00000, 0x00000000ef500000, 0x0000000100000000)
  eden space 31744K, 0% used [0x00000000eab00000,0x00000000eab00000,0x00000000eca00000)
  from space 6144K, 82% used [0x00000000eca00000,0x00000000ecef9cf0,0x00000000ed000000)
  to   space 6144K, 0% used [0x00000000eef00000,0x00000000eef00000,0x00000000ef500000)
 ParOldGen       total 42496K, used 9312K [0x00000000c0000000, 0x00000000c2980000, 0x00000000eab00000)
  object space 42496K, 21% used [0x00000000c0000000,0x00000000c0918200,0x00000000c2980000)
 Metaspace       used 20880K, capacity 21166K, committed 21296K, reserved 1067008K
  class space    used 2824K, capacity 2929K, committed 2944K, reserved 1048576K
Event: 4.341 GC heap after
Heap after GC invocations=8 (full 1):
 PSYoungGen      total 37888K, used 0K [0x00000000eab00000, 0x00000000ef500000, 0x0000000100000000)
  eden space 31744K, 0% used [0x00000000eab00000,0x00000000eab00000,0x00000000eca00000)
  from space 6144K, 0% used [0x00000000eca00000,0x00000000eca00000,0x00000000ed000000)
  to   space 6144K, 0% used [0x00000000eef00000,0x00000000eef00000,0x00000000ef500000)
 ParOldGen       total 35840K, used 9478K [0x00000000c0000000, 0x00000000c2300000, 0x00000000eab00000)
  object space 35840K, 26% used [0x00000000c0000000,0x00000000c0941b48,0x00000000c2300000)
 Metaspace       used 20878K, capacity 21164K, committed 21296K, reserved 1067008K
  class space    used 2824K, capacity 2928K, committed 2944K, reserved 1048576K
}
Event: 4.615 GC heap before
{Heap before GC invocations=9 (full 1):
 PSYoungGen      total 37888K, used 31744K [0x00000000eab00000, 0x00000000ef500000, 0x0000000100000000)
  eden space 31744K, 100% used [0x00000000eab00000,0x00000000eca00000,0x00000000eca00000)
  from space 6144K, 0% used [0x00000000eca00000,0x00000000eca00000,0x00000000ed000000)
  to   space 6144K, 0% used [0x00000000eef00000,0x00000000eef00000,0x00000000ef500000)
 ParOldGen       total 35840K, used 9478K [0x00000000c0000000, 0x00000000c2300000, 0x00000000eab00000)
  object space 35840K, 26% used [0x00000000c0000000,0x00000000c0941b48,0x00000000c2300000)
 Metaspace       used 21078K, capacity 21452K, committed 21760K, reserved 1069056K
  class space    used 2832K, capacity 2960K, committed 3072K, reserved 1048576K
Event: 4.616 GC heap after
Heap after GC invocations=9 (full 1):
 PSYoungGen      total 49152K, used 576K [0x00000000eab00000, 0x00000000ef000000, 0x0000000100000000)
  eden space 48128K, 0% used [0x00000000eab00000,0x00000000eab00000,0x00000000eda00000)
  from space 1024K, 56% used [0x00000000eef00000,0x00000000eef90020,0x00000000ef000000)
  to   space 6656K, 0% used [0x00000000ee300000,0x00000000ee300000,0x00000000ee980000)
 ParOldGen       total 35840K, used 9486K [0x00000000c0000000, 0x00000000c2300000, 0x00000000eab00000)
  object space 35840K, 26% used [0x00000000c0000000,0x00000000c0943b48,0x00000000c2300000)
 Metaspace       used 21078K, capacity 21452K, committed 21760K, reserved 1069056K
  class space    used 2832K, capacity 2960K, committed 3072K, reserved 1048576K
}
Event: 4.851 GC heap before
{Heap before GC invocations=10 (full 1):
 PSYoungGen      total 49152K, used 48704K [0x00000000eab00000, 0x00000000ef000000, 0x0000000100000000)
  eden space 48128K, 100% used [0x00000000eab00000,0x00000000eda00000,0x00000000eda00000)
  from space 1024K, 56% used [0x00000000eef00000,0x00000000eef90020,0x00000000ef000000)
  to   space 6656K, 0% used [0x00000000ee300000,0x00000000ee300000,0x00000000ee980000)
 ParOldGen       total 35840K, used 9486K [0x00000000c0000000, 0x00000000c2300000, 0x00000000eab00000)
  object space 35840K, 26% used [0x00000000c0000000,0x00000000c0943b48,0x00000000c2300000)
 Metaspace       used 21131K, capacity 21452K, committed 21760K, reserved 1069056K
  class space    used 2832K, capacity 2960K, committed 3072K, reserved 1048576K
Event: 4.852 GC heap after
Heap after GC invocations=10 (full 1):
 PSYoungGen      total 64000K, used 672K [0x00000000eab00000, 0x00000000ef580000, 0x0000000100000000)
  eden space 57344K, 0% used [0x00000000eab00000,0x00000000eab00000,0x00000000ee300000)
  from space 6656K, 10% used [0x00000000ee300000,0x00000000ee3a8020,0x00000000ee980000)
  to   space 7168K, 0% used [0x00000000eee80000,0x00000000eee80000,0x00000000ef580000)
 ParOldGen       total 35840K, used 9494K [0x00000000c0000000, 0x00000000c2300000, 0x00000000eab00000)
  object space 35840K, 26% used [0x00000000c0000000,0x00000000c0945b48,0x00000000c2300000)
 Metaspace       used 21131K, capacity 21452K, committed 21760K, reserved 1069056K
  class space    used 2832K, capacity 2960K, committed 3072K, reserved 1048576K
}
Event: 5.342 GC heap before
{Heap before GC invocations=11 (full 1):
 PSYoungGen      total 64000K, used 58016K [0x00000000eab00000, 0x00000000ef580000, 0x0000000100000000)
  eden space 57344K, 100% used [0x00000000eab00000,0x00000000ee300000,0x00000000ee300000)
  from space 6656K, 10% used [0x00000000ee300000,0x00000000ee3a8020,0x00000000ee980000)
  to   space 7168K, 0% used [0x00000000eee80000,0x00000000eee80000,0x00000000ef580000)
 ParOldGen       total 35840K, used 9494K [0x00000000c0000000, 0x00000000c2300000, 0x00000000eab00000)
  object space 35840K, 26% used [0x00000000c0000000,0x00000000c0945b48,0x00000000c2300000)
 Metaspace       used 23102K, capacity 23574K, committed 23936K, reserved 1071104K
  class space    used 2967K, capacity 3125K, committed 3200K, reserved 1048576K
Event: 5.351 GC heap after
Heap after GC invocations=11 (full 1):
 PSYoungGen      total 69632K, used 3394K [0x00000000eab00000, 0x00000000f0100000, 0x0000000100000000)
  eden space 62464K, 0% used [0x00000000eab00000,0x00000000eab00000,0x00000000ee800000)
  from space 7168K, 47% used [0x00000000eee80000,0x00000000ef1d0b78,0x00000000ef580000)
  to   space 6656K, 0% used [0x00000000ee800000,0x00000000ee800000,0x00000000eee80000)
 ParOldGen       total 35840K, used 9502K [0x00000000c0000000, 0x00000000c2300000, 0x00000000eab00000)
  object space 35840K, 26% used [0x00000000c0000000,0x00000000c0947b48,0x00000000c2300000)
 Metaspace       used 23102K, capacity 23574K, committed 23936K, reserved 1071104K
  class space    used 2967K, capacity 3125K, committed 3200K, reserved 1048576K
}

