# JRE version: Java(TM) SE Runtime Environment (8.0_20-b26) (build 1.8.0_20-b26)
# Java VM: Java HotSpot(TM) 64-Bit Server VM (25.20-b23 mixed mode windows-amd64 compressed oops)
Heap:
 PSYoungGen      total 76800K, used 21378K [0x00000000eab00000, 0x00000000efe80000, 0x0000000100000000)
  eden space 68096K, 31% used [0x00000000eab00000,0x00000000ebfe0968,0x00000000eed80000)
  from space 8704K, 0% used [0x00000000eed80000,0x00000000eed80000,0x00000000ef600000)
  to   space 7168K, 0% used [0x00000000ef780000,0x00000000ef780000,0x00000000efe80000)
 ParOldGen       total 31744K, used 20822K [0x00000000c0000000, 0x00000000c1f00000, 0x00000000eab00000)
  object space 31744K, 65% used [0x00000000c0000000,0x00000000c14559f0,0x00000000c1f00000)
 Metaspace       used 35316K, capacity 36410K, committed 36608K, reserved 1081344K
  class space    used 4712K, capacity 5099K, committed 5120K, reserved 1048576K
GC Heap History (10 events):
Event: 11.799 GC heap before
{Heap before GC invocations=13 (full 1):
 PSYoungGen      total 49152K, used 42720K [0x00000000eab00000, 0x00000000eef80000, 0x0000000100000000)
  eden space 42496K, 100% used [0x00000000eab00000,0x00000000ed480000,0x00000000ed480000)
  from space 6656K, 3% used [0x00000000ed480000,0x00000000ed4b8000,0x00000000edb00000)
  to   space 7168K, 0% used [0x00000000ee880000,0x00000000ee880000,0x00000000eef80000)
 ParOldGen       total 31744K, used 7213K [0x00000000c0000000, 0x00000000c1f00000, 0x00000000eab00000)
  object space 31744K, 22% used [0x00000000c0000000,0x00000000c070b7e8,0x00000000c1f00000)
 Metaspace       used 23775K, capacity 24274K, committed 24576K, reserved 1071104K
  class space    used 3087K, capacity 3291K, committed 3328K, reserved 1048576K
Event: 11.810 GC heap after
Heap after GC invocations=13 (full 1):
 PSYoungGen      total 60928K, used 4310K [0x00000000eab00000, 0x00000000eee80000, 0x0000000100000000)
  eden space 54784K, 0% used [0x00000000eab00000,0x00000000eab00000,0x00000000ee080000)
  from space 6144K, 70% used [0x00000000ee880000,0x00000000eecb5ba8,0x00000000eee80000)
  to   space 7168K, 0% used [0x00000000ee080000,0x00000000ee080000,0x00000000ee780000)
 ParOldGen       total 31744K, used 7421K [0x00000000c0000000, 0x00000000c1f00000, 0x00000000eab00000)
  object space 31744K, 23% used [0x00000000c0000000,0x00000000c073f7f8,0x00000000c1f00000)
 Metaspace       used 23775K, capacity 24274K, committed 24576K, reserved 1071104K
  class space    used 3087K, capacity 3291K, committed 3328K, reserved 1048576K
}
Event: 13.940 GC heap before
{Heap before GC invocations=14 (full 1):
 PSYoungGen      total 60928K, used 59094K [0x00000000eab00000, 0x00000000eee80000, 0x0000000100000000)
  eden space 54784K, 100% used [0x00000000eab00000,0x00000000ee080000,0x00000000ee080000)
  from space 6144K, 70% used [0x00000000ee880000,0x00000000eecb5ba8,0x00000000eee80000)
  to   space 7168K, 0% used [0x00000000ee080000,0x00000000ee080000,0x00000000ee780000)
 ParOldGen       total 31744K, used 7421K [0x00000000c0000000, 0x00000000c1f00000, 0x00000000eab00000)
  object space 31744K, 23% used [0x00000000c0000000,0x00000000c073f7f8,0x00000000c1f00000)
 Metaspace       used 27853K, capacity 28502K, committed 28800K, reserved 1075200K
  class space    used 3625K, capacity 3856K, committed 3968K, reserved 1048576K
Event: 13.958 GC heap after
Heap after GC invocations=14 (full 1):
 PSYoungGen      total 61952K, used 7155K [0x00000000eab00000, 0x00000000f0000000, 0x0000000100000000)
  eden space 54784K, 0% used [0x00000000eab00000,0x00000000eab00000,0x00000000ee080000)
  from space 7168K, 99% used [0x00000000ee080000,0x00000000ee77ce58,0x00000000ee780000)
  to   space 8704K, 0% used [0x00000000ef780000,0x00000000ef780000,0x00000000f0000000)
 ParOldGen       total 31744K, used 8210K [0x00000000c0000000, 0x00000000c1f00000, 0x00000000eab00000)
  object space 31744K, 25% used [0x00000000c0000000,0x00000000c0804890,0x00000000c1f00000)
 Metaspace       used 27853K, capacity 28502K, committed 28800K, reserved 1075200K
  class space    used 3625K, capacity 3856K, committed 3968K, reserved 1048576K
}
Event: 16.461 GC heap before
{Heap before GC invocations=15 (full 1):
 PSYoungGen      total 61952K, used 61939K [0x00000000eab00000, 0x00000000f0000000, 0x0000000100000000)
  eden space 54784K, 100% used [0x00000000eab00000,0x00000000ee080000,0x00000000ee080000)
  from space 7168K, 99% used [0x00000000ee080000,0x00000000ee77ce58,0x00000000ee780000)
  to   space 8704K, 0% used [0x00000000ef780000,0x00000000ef780000,0x00000000f0000000)
 ParOldGen       total 31744K, used 8210K [0x00000000c0000000, 0x00000000c1f00000, 0x00000000eab00000)
  object space 31744K, 25% used [0x00000000c0000000,0x00000000c0804890,0x00000000c1f00000)
 Metaspace       used 31120K, capacity 31938K, committed 32128K, reserved 1077248K
  class space    used 4045K, capacity 4358K, committed 4480K, reserved 1048576K
Event: 16.473 GC heap after
Heap after GC invocations=15 (full 1):
 PSYoungGen      total 75264K, used 5004K [0x00000000eab00000, 0x00000000efe80000, 0x0000000100000000)
  eden space 68096K, 0% used [0x00000000eab00000,0x00000000eab00000,0x00000000eed80000)
  from space 7168K, 69% used [0x00000000ef780000,0x00000000efc631a0,0x00000000efe80000)
  to   space 8704K, 0% used [0x00000000eed80000,0x00000000eed80000,0x00000000ef600000)
 ParOldGen       total 31744K, used 13263K [0x00000000c0000000, 0x00000000c1f00000, 0x00000000eab00000)
  object space 31744K, 41% used [0x00000000c0000000,0x00000000c0cf3c70,0x00000000c1f00000)
 Metaspace       used 31120K, capacity 31938K, committed 32128K, reserved 1077248K
  class space    used 4045K, capacity 4358K, committed 4480K, reserved 1048576K
}
Event: 17.332 GC heap before
{Heap before GC invocations=16 (full 1):
 PSYoungGen      total 75264K, used 52045K [0x00000000eab00000, 0x00000000efe80000, 0x0000000100000000)
  eden space 68096K, 69% used [0x00000000eab00000,0x00000000ed8f03e0,0x00000000eed80000)
  from space 7168K, 69% used [0x00000000ef780000,0x00000000efc631a0,0x00000000efe80000)
  to   space 8704K, 0% used [0x00000000eed80000,0x00000000eed80000,0x00000000ef600000)
 ParOldGen       total 31744K, used 13263K [0x00000000c0000000, 0x00000000c1f00000, 0x00000000eab00000)
  object space 31744K, 41% used [0x00000000c0000000,0x00000000c0cf3c70,0x00000000c1f00000)
 Metaspace       used 34497K, capacity 35400K, committed 35456K, reserved 1079296K
  class space    used 4594K, capacity 4976K, committed 4992K, reserved 1048576K
Event: 17.366 GC heap after
Heap after GC invocations=16 (full 1):
 PSYoungGen      total 76800K, used 8696K [0x00000000eab00000, 0x00000000efe80000, 0x0000000100000000)
  eden space 68096K, 0% used [0x00000000eab00000,0x00000000eab00000,0x00000000eed80000)
  from space 8704K, 99% used [0x00000000eed80000,0x00000000ef5fe3a8,0x00000000ef600000)
  to   space 7168K, 0% used [0x00000000ef780000,0x00000000ef780000,0x00000000efe80000)
 ParOldGen       total 31744K, used 13639K [0x00000000c0000000, 0x00000000c1f00000, 0x00000000eab00000)
  object space 31744K, 42% used [0x00000000c0000000,0x00000000c0d51f30,0x00000000c1f00000)
 Metaspace       used 34497K, capacity 35400K, committed 35456K, reserved 1079296K
  class space    used 4594K, capacity 4976K, committed 4992K, reserved 1048576K
}
Event: 17.366 GC heap before
{Heap before GC invocations=17 (full 2):
 PSYoungGen      total 76800K, used 8696K [0x00000000eab00000, 0x00000000efe80000, 0x0000000100000000)
  eden space 68096K, 0% used [0x00000000eab00000,0x00000000eab00000,0x00000000eed80000)
  from space 8704K, 99% used [0x00000000eed80000,0x00000000ef5fe3a8,0x00000000ef600000)
  to   space 7168K, 0% used [0x00000000ef780000,0x00000000ef780000,0x00000000efe80000)
 ParOldGen       total 31744K, used 13639K [0x00000000c0000000, 0x00000000c1f00000, 0x00000000eab00000)
  object space 31744K, 42% used [0x00000000c0000000,0x00000000c0d51f30,0x00000000c1f00000)
 Metaspace       used 34497K, capacity 35400K, committed 35456K, reserved 1079296K
  class space    used 4594K, capacity 4976K, committed 4992K, reserved 1048576K
Event: 17.568 GC heap after
Heap after GC invocations=17 (full 2):
 PSYoungGen      total 76800K, used 0K [0x00000000eab00000, 0x00000000efe80000, 0x0000000100000000)
  eden space 68096K, 0% used [0x00000000eab00000,0x00000000eab00000,0x00000000eed80000)
  from space 8704K, 0% used [0x00000000eed80000,0x00000000eed80000,0x00000000ef600000)
  to   space 7168K, 0% used [0x00000000ef780000,0x00000000ef780000,0x00000000efe80000)
 ParOldGen       total 31744K, used 20822K [0x00000000c0000000, 0x00000000c1f00000, 0x00000000eab00000)
  object space 31744K, 65% used [0x00000000c0000000,0x00000000c14559f0,0x00000000c1f00000)
 Metaspace       used 34497K, capacity 35400K, committed 35456K, reserved 1079296K
  class space    used 4594K, capacity 4976K, committed 4992K, reserved 1048576K
}

