# JRE version: Java(TM) SE Runtime Environment (8.0_20-b26) (build 1.8.0_20-b26)
# Java VM: Java HotSpot(TM) 64-Bit Server VM (25.20-b23 mixed mode windows-amd64 compressed oops)
Heap:
 PSYoungGen      total 98304K, used 59089K [0x00000000eab00000, 0x00000000f1e80000, 0x0000000100000000)
  eden space 92160K, 64% used [0x00000000eab00000,0x00000000ee4b4758,0x00000000f0500000)
  from space 6144K, 0% used [0x00000000f1880000,0x00000000f1880000,0x00000000f1e80000)
  to   space 12800K, 0% used [0x00000000f0580000,0x00000000f0580000,0x00000000f1200000)
 ParOldGen       total 35840K, used 24148K [0x00000000c0000000, 0x00000000c2300000, 0x00000000eab00000)
  object space 35840K, 67% used [0x00000000c0000000,0x00000000c17951f0,0x00000000c2300000)
 Metaspace       used 37839K, capacity 39014K, committed 39168K, reserved 1083392K
  class space    used 5075K, capacity 5505K, committed 5632K, reserved 1048576K
GC Heap History (10 events):
Event: 9.866 GC heap before
{Heap before GC invocations=13 (full 1):
 PSYoungGen      total 66048K, used 66035K [0x00000000eab00000, 0x00000000f0700000, 0x0000000100000000)
  eden space 59392K, 100% used [0x00000000eab00000,0x00000000ee500000,0x00000000ee500000)
  from space 6656K, 99% used [0x00000000ee500000,0x00000000eeb7cf50,0x00000000eeb80000)
  to   space 8704K, 0% used [0x00000000efe80000,0x00000000efe80000,0x00000000f0700000)
 ParOldGen       total 35840K, used 10492K [0x00000000c0000000, 0x00000000c2300000, 0x00000000eab00000)
  object space 35840K, 29% used [0x00000000c0000000,0x00000000c0a3f0d8,0x00000000c2300000)
 Metaspace       used 30838K, capacity 31658K, committed 31744K, reserved 1077248K
  class space    used 4002K, capacity 4326K, committed 4352K, reserved 1048576K
Event: 9.883 GC heap after
Heap after GC invocations=13 (full 1):
 PSYoungGen      total 83456K, used 8680K [0x00000000eab00000, 0x00000000f0980000, 0x0000000100000000)
  eden space 74752K, 0% used [0x00000000eab00000,0x00000000eab00000,0x00000000ef400000)
  from space 8704K, 99% used [0x00000000efe80000,0x00000000f06fa3e0,0x00000000f0700000)
  to   space 10752K, 0% used [0x00000000ef400000,0x00000000ef400000,0x00000000efe80000)
 ParOldGen       total 35840K, used 12377K [0x00000000c0000000, 0x00000000c2300000, 0x00000000eab00000)
  object space 35840K, 34% used [0x00000000c0000000,0x00000000c0c16778,0x00000000c2300000)
 Metaspace       used 30838K, capacity 31658K, committed 31744K, reserved 1077248K
  class space    used 4002K, capacity 4326K, committed 4352K, reserved 1048576K
}
Event: 10.923 GC heap before
{Heap before GC invocations=14 (full 1):
 PSYoungGen      total 83456K, used 59970K [0x00000000eab00000, 0x00000000f0980000, 0x0000000100000000)
  eden space 74752K, 68% used [0x00000000eab00000,0x00000000edd16720,0x00000000ef400000)
  from space 8704K, 99% used [0x00000000efe80000,0x00000000f06fa3e0,0x00000000f0700000)
  to   space 10752K, 0% used [0x00000000ef400000,0x00000000ef400000,0x00000000efe80000)
 ParOldGen       total 35840K, used 12377K [0x00000000c0000000, 0x00000000c2300000, 0x00000000eab00000)
  object space 35840K, 34% used [0x00000000c0000000,0x00000000c0c16778,0x00000000c2300000)
 Metaspace       used 34454K, capacity 35408K, committed 35456K, reserved 1079296K
  class space    used 4592K, capacity 4976K, committed 4992K, reserved 1048576K
Event: 10.954 GC heap after
Heap after GC invocations=14 (full 1):
 PSYoungGen      total 85504K, used 10720K [0x00000000eab00000, 0x00000000f2600000, 0x0000000100000000)
  eden space 74752K, 0% used [0x00000000eab00000,0x00000000eab00000,0x00000000ef400000)
  from space 10752K, 99% used [0x00000000ef400000,0x00000000efe78010,0x00000000efe80000)
  to   space 13824K, 0% used [0x00000000f1880000,0x00000000f1880000,0x00000000f2600000)
 ParOldGen       total 35840K, used 16542K [0x00000000c0000000, 0x00000000c2300000, 0x00000000eab00000)
  object space 35840K, 46% used [0x00000000c0000000,0x00000000c1027920,0x00000000c2300000)
 Metaspace       used 34454K, capacity 35408K, committed 35456K, reserved 1079296K
  class space    used 4592K, capacity 4976K, committed 4992K, reserved 1048576K
}
Event: 10.954 GC heap before
{Heap before GC invocations=15 (full 2):
 PSYoungGen      total 85504K, used 10720K [0x00000000eab00000, 0x00000000f2600000, 0x0000000100000000)
  eden space 74752K, 0% used [0x00000000eab00000,0x00000000eab00000,0x00000000ef400000)
  from space 10752K, 99% used [0x00000000ef400000,0x00000000efe78010,0x00000000efe80000)
  to   space 13824K, 0% used [0x00000000f1880000,0x00000000f1880000,0x00000000f2600000)
 ParOldGen       total 35840K, used 16542K [0x00000000c0000000, 0x00000000c2300000, 0x00000000eab00000)
  object space 35840K, 46% used [0x00000000c0000000,0x00000000c1027920,0x00000000c2300000)
 Metaspace       used 34454K, capacity 35408K, committed 35456K, reserved 1079296K
  class space    used 4592K, capacity 4976K, committed 4992K, reserved 1048576K
Event: 11.190 GC heap after
Heap after GC invocations=15 (full 2):
 PSYoungGen      total 85504K, used 0K [0x00000000eab00000, 0x00000000f2600000, 0x0000000100000000)
  eden space 74752K, 0% used [0x00000000eab00000,0x00000000eab00000,0x00000000ef400000)
  from space 10752K, 0% used [0x00000000ef400000,0x00000000ef400000,0x00000000efe80000)
  to   space 13824K, 0% used [0x00000000f1880000,0x00000000f1880000,0x00000000f2600000)
 ParOldGen       total 35840K, used 21099K [0x00000000c0000000, 0x00000000c2300000, 0x00000000eab00000)
  object space 35840K, 58% used [0x00000000c0000000,0x00000000c149ade0,0x00000000c2300000)
 Metaspace       used 34454K, capacity 35408K, committed 35456K, reserved 1079296K
  class space    used 4592K, capacity 4976K, committed 4992K, reserved 1048576K
}
Event: 12.896 GC heap before
{Heap before GC invocations=16 (full 2):
 PSYoungGen      total 85504K, used 39404K [0x00000000eab00000, 0x00000000f2600000, 0x0000000100000000)
  eden space 74752K, 52% used [0x00000000eab00000,0x00000000ed17b048,0x00000000ef400000)
  from space 10752K, 0% used [0x00000000ef400000,0x00000000ef400000,0x00000000efe80000)
  to   space 13824K, 0% used [0x00000000f1880000,0x00000000f1880000,0x00000000f2600000)
 ParOldGen       total 35840K, used 21099K [0x00000000c0000000, 0x00000000c2300000, 0x00000000eab00000)
  object space 35840K, 58% used [0x00000000c0000000,0x00000000c149ade0,0x00000000c2300000)
 Metaspace       used 36507K, capacity 37476K, committed 37504K, reserved 1085440K
  class space    used 4874K, capacity 5239K, committed 5248K, reserved 1048576K
Event: 12.918 GC heap after
Heap after GC invocations=16 (full 2):
 PSYoungGen      total 98304K, used 5805K [0x00000000eab00000, 0x00000000f1e80000, 0x0000000100000000)
  eden space 92160K, 0% used [0x00000000eab00000,0x00000000eab00000,0x00000000f0500000)
  from space 6144K, 94% used [0x00000000f1880000,0x00000000f1e2b718,0x00000000f1e80000)
  to   space 12800K, 0% used [0x00000000f0580000,0x00000000f0580000,0x00000000f1200000)
 ParOldGen       total 35840K, used 21107K [0x00000000c0000000, 0x00000000c2300000, 0x00000000eab00000)
  object space 35840K, 58% used [0x00000000c0000000,0x00000000c149cde0,0x00000000c2300000)
 Metaspace       used 36507K, capacity 37476K, committed 37504K, reserved 1085440K
  class space    used 4874K, capacity 5239K, committed 5248K, reserved 1048576K
}
Event: 12.918 GC heap before
{Heap before GC invocations=17 (full 3):
 PSYoungGen      total 98304K, used 5805K [0x00000000eab00000, 0x00000000f1e80000, 0x0000000100000000)
  eden space 92160K, 0% used [0x00000000eab00000,0x00000000eab00000,0x00000000f0500000)
  from space 6144K, 94% used [0x00000000f1880000,0x00000000f1e2b718,0x00000000f1e80000)
  to   space 12800K, 0% used [0x00000000f0580000,0x00000000f0580000,0x00000000f1200000)
 ParOldGen       total 35840K, used 21107K [0x00000000c0000000, 0x00000000c2300000, 0x00000000eab00000)
  object space 35840K, 58% used [0x00000000c0000000,0x00000000c149cde0,0x00000000c2300000)
 Metaspace       used 36507K, capacity 37476K, committed 37504K, reserved 1085440K
  class space    used 4874K, capacity 5239K, committed 5248K, reserved 1048576K
Event: 13.349 GC heap after
Heap after GC invocations=17 (full 3):
 PSYoungGen      total 98304K, used 0K [0x00000000eab00000, 0x00000000f1e80000, 0x0000000100000000)
  eden space 92160K, 0% used [0x00000000eab00000,0x00000000eab00000,0x00000000f0500000)
  from space 6144K, 0% used [0x00000000f1880000,0x00000000f1880000,0x00000000f1e80000)
  to   space 12800K, 0% used [0x00000000f0580000,0x00000000f0580000,0x00000000f1200000)
 ParOldGen       total 35840K, used 24148K [0x00000000c0000000, 0x00000000c2300000, 0x00000000eab00000)
  object space 35840K, 67% used [0x00000000c0000000,0x00000000c17951f0,0x00000000c2300000)
 Metaspace       used 36507K, capacity 37476K, committed 37504K, reserved 1083392K
  class space    used 4874K, capacity 5239K, committed 5248K, reserved 1048576K
}

